<?xml version="1.0" encoding="UTF-8"?>
<testsuite name="FailingTest" tests="4" skipped="0" failures="0" errors="0" timestamp="2022-07-05T19:34:10" hostname="XXXARTHURXXX" time="0.052">
  <properties/>
  <testcase name="whenEnteringDataShouldReturnLakewoodHotel" classname="FailingTest" time="0.034"/>
  <testcase name="whenEnteringDataShouldReturnBridgewoodHotel" classname="FailingTest" time="0.01"/>
  <testcase name="whenEnteringDataShouldReturnRidgewoodHotel" classname="FailingTest" time="0.007"/>
  <testcase name="whenInsertingEmptyDataShouldReturnErrorMessageString" classname="FailingTest" time="0.0"/>
  <system-out><![CDATA[]]></system-out>
  <system-err><![CDATA[]]></system-err>
</testsuite>
